<?xml version="1.0" encoding="UTF-8"?>
<!-- Generated by org.testng.reporters.JUnitReportReporter -->
<testsuite hostname="Bujuku" failures="0" tests="4" name="com.simplilearn.bddtest.TestNg.StarHealthTest" time="0.416" errors="0" timestamp="2024-01-03T17:06:34 IST" skipped="0">
  <testcase classname="com.simplilearn.bddtest.TestNg.StarHealthTest" name="Validate_title" time="0.026"/>
  <testcase classname="com.simplilearn.bddtest.TestNg.StarHealthTest" name="validate_Logo" time="0.072"/>
  <testcase classname="com.simplilearn.bddtest.TestNg.StarHealthTest" name="test2" time="0.184"/>
  <testcase classname="com.simplilearn.bddtest.TestNg.StarHealthTest" name="Clickontwitter" time="0.134"/>
</testsuite> <!-- com.simplilearn.bddtest.TestNg.StarHealthTest -->
