<?xml version="1.0" encoding="UTF-8"?>
<!-- Generated by org.testng.reporters.JUnitReportReporter -->
<testsuite hostname="Bujuku" failures="0" tests="1" name="com.simplilearn.bddtest.TestNg.StarHealthTest2" time="0.030" errors="0" timestamp="2024-01-03T17:11:15 IST" skipped="0">
  <testcase classname="com.simplilearn.bddtest.TestNg.StarHealthTest2" name="test1" time="0.030"/>
</testsuite> <!-- com.simplilearn.bddtest.TestNg.StarHealthTest2 -->
